Arguments: 
  C:\Program Files\nodejs\node.exe C:\Users\KAMPETE\AppData\Roaming\npm\node_modules\yarn\bin\yarn.js add expo-app-loading

PATH: 
  C:\Program Files (x86)\Common Files\Oracle\Java\javapath;C:\Python39\Scripts\;C:\Python39\;C:\WINDOWS\system32;C:\WINDOWS;C:\WINDOWS\System32\Wbem;C:\WINDOWS\System32\WindowsPowerShell\v1.0\;C:\WINDOWS\System32\OpenSSH\;C:\Program Files\nodejs\;C:\ProgramData\chocolatey\bin;C:\Users\KAMPETE\Downloads\platform-tools_r31.0.0-windows\platform-tools;C:\Users\KAMPETE\Downloads\sdk-tools-windows-3859397\tools\bin;C:\Users\KAMPETE\Downloads\commandlinetools-win-6858069_latest\cmdline-tools\bin;C:\Program Files (x86)\Microsoft SQL Server\150\DTS\Binn\;C:\Program Files\Microsoft SQL Server\Client SDK\ODBC\170\Tools\Binn\;C:\Program Files (x86)\Microsoft SQL Server\110\DTS\Binn\;C:\Program Files (x86)\Microsoft SQL Server\120\DTS\Binn\;C:\Program Files (x86)\Microsoft SQL Server\130\DTS\Binn\;C:\Program Files (x86)\Microsoft SQL Server\140\DTS\Binn\;C:\Program Files\Git\cmd;C:\Users\KAMPETE\AppData\Local\Android\Sdk\tools;C:\Users\KAMPETE\AppData\Local\Android\Sdk\platform-tools;C:\Users\KAMPETE\AppData\Local\Microsoft\WindowsApps;C:\Users\KAMPETE\AppData\Roaming\npm;C:\Users\KAMPETE\AppData\Local\Programs\Microsoft VS Code\bin;C:\Program Files\Azure Data Studio\bin;C:\xampp\php;C:\Users\KAMPETE\AppData\Local\ComposerSetup\bin;C:\Users\KAMPETE\AppData\Roaming\Composer\vendor\bin;C:\SETUPS\FLUTTER SDK\flutter\bin;

Yarn version: 
  1.22.10

Node version: 
  15.5.1

Platform: 
  win32 x64

Trace: 
  Error: EPERM: operation not permitted, unlink 'C:\PROJECTS\REACTNATIVE\guessing-game\node_modules\@babel\helper-compilation-targets\node_modules\.bin'

npm manifest: 
  {
    "main": "node_modules/expo/AppEntry.js",
    "scripts": {
      "start": "expo start",
      "android": "expo start --android",
      "ios": "expo start --ios",
      "web": "expo start --web",
      "eject": "expo eject"
    },
    "dependencies": {
      "expo": "~40.0.0",
      "expo-status-bar": "~1.0.3",
      "react": "16.13.1",
      "react-dom": "16.13.1",
      "react-native": "https://github.com/expo/react-native/archive/sdk-40.0.1.tar.gz",
      "react-native-web": "~0.13.12"
    },
    "devDependencies": {
      "@babel/core": "~7.9.0"
    },
    "private": true
  }

yarn manifest: 
  No manifest

Lockfile: 
  No lockfile
